This is pdfTeX, Version 3.14159265-2.6-1.40.20 (TeX Live 2019/Debian) (preloaded format=pdflatex 2022.8.7)  20 FEB 2023 21:55
entering extended mode
 \write18 enabled.
 %&-line parsing enabled.
**content/hackpack.tex
(./content/hackpack.tex
LaTeX2e <2020-02-02> patch level 2
L3 programming layer <2020-02-14> (/usr/share/texlive/texmf-dist/tex/latex/extsizes/extreport.cls
Document Class: extreport 1996/10/08 v1.0 Non Standard LaTeX document class
(/usr/share/texlive/texmf-dist/tex/latex/extsizes/size9.clo
File: size9.clo 1999/11/11 v1.4a NON-Standard LaTeX file (size option)
) (/usr/share/texlive/texmf-dist/tex/latex/base/exscale.sty
Package: exscale 2018/09/24 v2.1i Standard LaTeX package exscale
LaTeX Font Info:    Redeclaring symbol font `largesymbols' on input line 57.
LaTeX Font Info:    Overwriting symbol font `largesymbols' in version `normal'
(Font)                  OMX/cmex/m/n --> OMX/cmex/m/n on input line 57.
LaTeX Font Info:    Overwriting symbol font `largesymbols' in version `bold'
(Font)                  OMX/cmex/m/n --> OMX/cmex/m/n on input line 57.
\big@size=\dimen134
)
\c@part=\count167
\c@chapter=\count168
\c@section=\count169
\c@subsection=\count170
\c@subsubsection=\count171
\c@paragraph=\count172
\c@subparagraph=\count173
\c@figure=\count174
\c@table=\count175
\abovecaptionskip=\skip47
\belowcaptionskip=\skip48
\bibindent=\dimen135
) (content/tex/kactlpkg.sty
Package: kactlpkg 
 (/usr/share/texlive/texmf-dist/tex/latex/base/inputenc.sty
Package: inputenc 2018/08/11 v1.3c Input encoding file
\inpenc@prehook=\toks14
\inpenc@posthook=\toks15
) (/usr/share/texlive/texmf-dist/tex/latex/listings/listings.sty (/usr/share/texlive/texmf-dist/tex/latex/graphics/keyval.sty
Package: keyval 2014/10/28 v1.15 key=value parser (DPC)
\KV@toks@=\toks16
)
\lst@mode=\count176
\lst@gtempboxa=\box45
\lst@token=\toks17
\lst@length=\count177
\lst@currlwidth=\dimen136
\lst@column=\count178
\lst@pos=\count179
\lst@lostspace=\dimen137
\lst@width=\dimen138
\lst@newlines=\count180
\lst@lineno=\count181
\lst@maxwidth=\dimen139
 (/usr/share/texlive/texmf-dist/tex/latex/listings/lstmisc.sty
File: lstmisc.sty 2019/09/10 1.8c (Carsten Heinz)
\c@lstnumber=\count182
\lst@skipnumbers=\count183
\lst@framebox=\box46
) (/usr/share/texlive/texmf-dist/tex/latex/listings/listings.cfg
File: listings.cfg 2019/09/10 1.8c listings configuration
))
Package: listings 2019/09/10 1.8c (Carsten Heinz)
 (/usr/share/texlive/texmf-dist/tex/latex/framed/framed.sty
Package: framed 2011/10/22 v 0.96: framed or shaded text with page breaks
\OuterFrameSep=\skip49
\fb@frw=\dimen140
\fb@frh=\dimen141
\FrameRule=\dimen142
\FrameSep=\dimen143
) (/usr/share/texlive/texmf-dist/tex/latex/geometry/geometry.sty
Package: geometry 2020/01/02 v5.9 Page Geometry
 (/usr/share/texlive/texmf-dist/tex/generic/iftex/ifvtex.sty
Package: ifvtex 2019/10/25 v1.7 ifvtex legacy package. Use iftex instead.
 (/usr/share/texlive/texmf-dist/tex/generic/iftex/iftex.sty
Package: iftex 2019/11/07 v1.0c TeX engine tests
))
\Gm@cnth=\count184
\Gm@cntv=\count185
\c@Gm@tempcnt=\count186
\Gm@bindingoffset=\dimen144
\Gm@wd@mp=\dimen145
\Gm@odd@mp=\dimen146
\Gm@even@mp=\dimen147
\Gm@layoutwidth=\dimen148
\Gm@layoutheight=\dimen149
\Gm@layouthoffset=\dimen150
\Gm@layoutvoffset=\dimen151
\Gm@dimlist=\toks18
) (/usr/share/texlive/texmf-dist/tex/latex/tools/multicol.sty
Package: multicol 2019/12/09 v1.8y multicolumn formatting (FMi)
\c@tracingmulticols=\count187
\mult@box=\box47
\multicol@leftmargin=\dimen152
\c@unbalance=\count188
\c@collectmore=\count189
\doublecol@number=\count190
\multicoltolerance=\count191
\multicolpretolerance=\count192
\full@width=\dimen153
\page@free=\dimen154
\premulticols=\dimen155
\postmulticols=\dimen156
\multicolsep=\skip50
\multicolbaselineskip=\skip51
\partial@page=\box48
\last@line=\box49
\maxbalancingoverflow=\dimen157
\mult@rightbox=\box50
\mult@grightbox=\box51
\mult@gfirstbox=\box52
\mult@firstbox=\box53
\@tempa=\box54
\@tempa=\box55
\@tempa=\box56
\@tempa=\box57
\@tempa=\box58
\@tempa=\box59
\@tempa=\box60
\@tempa=\box61
\@tempa=\box62
\@tempa=\box63
\@tempa=\box64
\@tempa=\box65
\@tempa=\box66
\@tempa=\box67
\@tempa=\box68
\@tempa=\box69
\@tempa=\box70
\@tempa=\box71
\@tempa=\box72
\@tempa=\box73
\@tempa=\box74
\@tempa=\box75
\@tempa=\box76
\@tempa=\box77
\@tempa=\box78
\@tempa=\box79
\@tempa=\box80
\@tempa=\box81
\@tempa=\box82
\@tempa=\box83
\@tempa=\box84
\@tempa=\box85
\@tempa=\box86
\@tempa=\box87
\@tempa=\box88
\@tempa=\box89
\@tempa=\box90
\c@minrows=\count193
\c@columnbadness=\count194
\c@finalcolumnbadness=\count195
\last@try=\dimen158
\multicolovershoot=\dimen159
\multicolundershoot=\dimen160
\mult@nat@firstbox=\box91
\colbreak@box=\box92
\mc@col@check@num=\count196
) (/usr/share/texlive/texmf-dist/tex/latex/fancyhdr/fancyhdr.sty
Package: fancyhdr 2019/01/31 v3.10 Extensive control of page headers and footers
\f@nch@headwidth=\skip52
\f@nch@O@elh=\skip53
\f@nch@O@erh=\skip54
\f@nch@O@olh=\skip55
\f@nch@O@orh=\skip56
\f@nch@O@elf=\skip57
\f@nch@O@erf=\skip58
\f@nch@O@olf=\skip59
\f@nch@O@orf=\skip60
) (/usr/share/texlive/texmf-dist/tex/latex/amsmath/amsbsy.sty
Package: amsbsy 1999/11/29 v1.2d Bold Symbols
 (/usr/share/texlive/texmf-dist/tex/latex/amsmath/amsgen.sty
File: amsgen.sty 1999/11/30 v2.0 generic functions
\@emptytoks=\toks19
\ex@=\dimen161
)
\pmbraise@=\dimen162
) (/usr/share/texlive/texmf-dist/tex/latex/amsfonts/amssymb.sty
Package: amssymb 2013/01/14 v3.01 AMS font symbols
 (/usr/share/texlive/texmf-dist/tex/latex/amsfonts/amsfonts.sty
Package: amsfonts 2013/01/14 v3.01 Basic AMSFonts support
\symAMSa=\mathgroup4
\symAMSb=\mathgroup5
LaTeX Font Info:    Redeclaring math symbol \hbar on input line 98.
LaTeX Font Info:    Overwriting math alphabet `\mathfrak' in version `bold'
(Font)                  U/euf/m/n --> U/euf/b/n on input line 106.
)) (/usr/share/texlive/texmf-dist/tex/latex/amsmath/amsmath.sty
Package: amsmath 2020/01/20 v2.17e AMS math features
\@mathmargin=\skip61

For additional information on amsmath, use the `?' option.
(/usr/share/texlive/texmf-dist/tex/latex/amsmath/amstext.sty
Package: amstext 2000/06/29 v2.01 AMS text
) (/usr/share/texlive/texmf-dist/tex/latex/amsmath/amsopn.sty
Package: amsopn 2016/03/08 v2.02 operator names
)
\inf@bad=\count197
LaTeX Info: Redefining \frac on input line 227.
\uproot@=\count198
\leftroot@=\count199
LaTeX Info: Redefining \overline on input line 389.
\classnum@=\count266
\DOTSCASE@=\count267
LaTeX Info: Redefining \ldots on input line 486.
LaTeX Info: Redefining \dots on input line 489.
LaTeX Info: Redefining \cdots on input line 610.
\Mathstrutbox@=\box93
\strutbox@=\box94
\big@size=\dimen163
LaTeX Font Info:    Redeclaring font encoding OML on input line 733.
LaTeX Font Info:    Redeclaring font encoding OMS on input line 734.
\macc@depth=\count268
\c@MaxMatrixCols=\count269
\dotsspace@=\muskip16
\c@parentequation=\count270
\dspbrk@lvl=\count271
\tag@help=\toks20
\row@=\count272
\column@=\count273
\maxfields@=\count274
\andhelp@=\toks21
\eqnshift@=\dimen164
\alignsep@=\dimen165
\tagshift@=\dimen166
\tagwidth@=\dimen167
\totwidth@=\dimen168
\lineht@=\dimen169
\@envbody=\toks22
\multlinegap=\skip62
\multlinetaggap=\skip63
\mathdisplay@stack=\toks23
LaTeX Info: Redefining \[ on input line 2859.
LaTeX Info: Redefining \] on input line 2860.
) (/usr/share/texlive/texmf-dist/tex/latex/tocloft/tocloft.sty
Package: tocloft 2017/08/31 v2.3i parameterised ToC, etc., typesetting
Package tocloft Info: The document has chapter divisions on input line 51.
\cftparskip=\skip64
\cftbeforetoctitleskip=\skip65
\cftaftertoctitleskip=\skip66
\cftbeforepartskip=\skip67
\cftpartnumwidth=\skip68
\cftpartindent=\skip69
\cftbeforechapskip=\skip70
\cftchapindent=\skip71
\cftchapnumwidth=\skip72
\cftbeforesecskip=\skip73
\cftsecindent=\skip74
\cftsecnumwidth=\skip75
\cftbeforesubsecskip=\skip76
\cftsubsecindent=\skip77
\cftsubsecnumwidth=\skip78
\cftbeforesubsubsecskip=\skip79
\cftsubsubsecindent=\skip80
\cftsubsubsecnumwidth=\skip81
\cftbeforeparaskip=\skip82
\cftparaindent=\skip83
\cftparanumwidth=\skip84
\cftbeforesubparaskip=\skip85
\cftsubparaindent=\skip86
\cftsubparanumwidth=\skip87
\cftbeforeloftitleskip=\skip88
\cftafterloftitleskip=\skip89
\cftbeforefigskip=\skip90
\cftfigindent=\skip91
\cftfignumwidth=\skip92
\c@lofdepth=\count275
\c@lotdepth=\count276
\cftbeforelottitleskip=\skip93
\cftafterlottitleskip=\skip94
\cftbeforetabskip=\skip95
\cfttabindent=\skip96
\cfttabnumwidth=\skip97
) (/usr/share/texlive/texmf-dist/tex/latex/titlesec/titletoc.sty
Package: titletoc 2019/10/16 v2.13 TOC entries
\ttl@leftsep=\dimen170
) (/usr/share/texlive/texmf-dist/tex/latex/base/ifthen.sty
Package: ifthen 2014/09/29 v1.1c Standard LaTeX ifthen package (DPC)
) (/usr/share/texlive/texmf-dist/tex/latex/psnfss/courier.sty
Package: courier 2005/04/12 PSNFSS-v9.2a (WaS) 
) (/usr/share/texlive/texmf-dist/tex/latex/graphics/graphicx.sty
Package: graphicx 2019/11/30 v1.2a Enhanced LaTeX Graphics (DPC,SPQR)
 (/usr/share/texlive/texmf-dist/tex/latex/graphics/graphics.sty
Package: graphics 2019/11/30 v1.4a Standard LaTeX Graphics (DPC,SPQR)
 (/usr/share/texlive/texmf-dist/tex/latex/graphics/trig.sty
Package: trig 2016/01/03 v1.10 sin cos tan (DPC)
) (/usr/share/texlive/texmf-dist/tex/latex/graphics-cfg/graphics.cfg
File: graphics.cfg 2016/06/04 v1.11 sample graphics configuration
)
Package graphics Info: Driver file: pdftex.def on input line 105.
 (/usr/share/texlive/texmf-dist/tex/latex/graphics-def/pdftex.def
File: pdftex.def 2018/01/08 v1.0l Graphics/color driver for pdftex
))
\Gin@req@height=\dimen171
\Gin@req@width=\dimen172
) (/usr/share/texlive/texmf-dist/tex/latex/base/fix-cm.sty
Package: fix-cm 2015/01/14 v1.1t fixes to LaTeX
 (/usr/share/texlive/texmf-dist/tex/latex/base/ts1enc.def
File: ts1enc.def 2001/06/05 v3.0e (jk/car/fm) Standard LaTeX file
LaTeX Font Info:    Redeclaring font encoding TS1 on input line 47.
)) (/usr/share/texlive/texmf-dist/tex/latex/paralist/paralist.sty
Package: paralist 2017/01/22 v2.7 Extended list environments
\pltopsep=\skip98
\plpartopsep=\skip99
\plitemsep=\skip100
\plparsep=\skip101
\pl@lab=\toks24
) (/usr/share/texlive/texmf-dist/tex/latex/enumitem/enumitem.sty
Package: enumitem 2019/06/20 v3.9 Customized lists
\labelindent=\skip102
\enit@outerparindent=\dimen173
\enit@toks=\toks25
\enit@inbox=\box95
\enit@count@id=\count277
\enitdp@description=\count278
) (/usr/share/texlive/texmf-dist/tex/latex/parskip/parskip.sty
Package: parskip 2020-01-22 v2.0d non-zero parskip adjustments
 (/usr/share/texlive/texmf-dist/tex/latex/kvoptions/kvoptions.sty
Package: kvoptions 2019/11/29 v3.13 Key value format for package options (HO)
 (/usr/share/texlive/texmf-dist/tex/generic/ltxcmds/ltxcmds.sty
Package: ltxcmds 2019/12/15 v1.24 LaTeX kernel commands for general use (HO)
) (/usr/share/texlive/texmf-dist/tex/generic/kvsetkeys/kvsetkeys.sty
Package: kvsetkeys 2019/12/15 v1.18 Key value parser (HO)
)) (/usr/share/texlive/texmf-dist/tex/latex/etoolbox/etoolbox.sty
Package: etoolbox 2019/09/21 v2.5h e-TeX tools for LaTeX (JAW)
\etb@tempcnta=\count279
)) (/usr/share/texlive/texmf-dist/tex/latex/xcolor/xcolor.sty
Package: xcolor 2016/05/11 v2.12 LaTeX color extensions (UK)
 (/usr/share/texlive/texmf-dist/tex/latex/graphics-cfg/color.cfg
File: color.cfg 2016/01/02 v1.6 sample color configuration
)
Package xcolor Info: Driver file: pdftex.def on input line 225.
Package xcolor Info: Model `cmy' substituted by `cmy0' on input line 1348.
Package xcolor Info: Model `hsb' substituted by `rgb' on input line 1352.
Package xcolor Info: Model `RGB' extended on input line 1364.
Package xcolor Info: Model `HTML' substituted by `rgb' on input line 1366.
Package xcolor Info: Model `Hsb' substituted by `hsb' on input line 1367.
Package xcolor Info: Model `tHsb' substituted by `hsb' on input line 1368.
Package xcolor Info: Model `HSB' substituted by `hsb' on input line 1369.
Package xcolor Info: Model `Gray' substituted by `gray' on input line 1370.
Package xcolor Info: Model `wave' substituted by `hsb' on input line 1371.
 (/usr/share/texlive/texmf-dist/tex/latex/graphics/dvipsnam.def
File: dvipsnam.def 2016/06/17 v3.0m Driver-dependent file (DPC,SPQR)
)) (/usr/share/texlive/texmf-dist/tex/generic/ulem/ulem.sty
\UL@box=\box96
\UL@hyphenbox=\box97
\UL@skip=\skip103
\UL@hook=\toks26
\UL@height=\dimen174
\UL@pe=\count280
\UL@pixel=\dimen175
\ULC@box=\box98
Package: ulem 2019/11/18
\ULdepth=\dimen176
) (/usr/share/texlive/texmf-dist/tex/latex/hyperref/hyperref.sty
Package: hyperref 2020/01/14 v7.00d Hypertext links for LaTeX
 (/usr/share/texlive/texmf-dist/tex/latex/pdftexcmds/pdftexcmds.sty
Package: pdftexcmds 2019/11/24 v0.31 Utility functions of pdfTeX for LuaTeX (HO)
 (/usr/share/texlive/texmf-dist/tex/generic/infwarerr/infwarerr.sty
Package: infwarerr 2019/12/03 v1.5 Providing info/warning/error messages (HO)
)
Package pdftexcmds Info: \pdf@primitive is available.
Package pdftexcmds Info: \pdf@ifprimitive is available.
Package pdftexcmds Info: \pdfdraftmode found.
) (/usr/share/texlive/texmf-dist/tex/generic/kvdefinekeys/kvdefinekeys.sty
Package: kvdefinekeys 2019-12-19 v1.6 Define keys (HO)
) (/usr/share/texlive/texmf-dist/tex/generic/pdfescape/pdfescape.sty
Package: pdfescape 2019/12/09 v1.15 Implements pdfTeX's escape features (HO)
) (/usr/share/texlive/texmf-dist/tex/latex/hycolor/hycolor.sty
Package: hycolor 2020-01-27 v1.10 Color options for hyperref/bookmark (HO)
) (/usr/share/texlive/texmf-dist/tex/latex/letltxmacro/letltxmacro.sty
Package: letltxmacro 2019/12/03 v1.6 Let assignment for LaTeX macros (HO)
) (/usr/share/texlive/texmf-dist/tex/latex/auxhook/auxhook.sty
Package: auxhook 2019-12-17 v1.6 Hooks for auxiliary files (HO)
)
\@linkdim=\dimen177
\Hy@linkcounter=\count281
\Hy@pagecounter=\count282
 (/usr/share/texlive/texmf-dist/tex/latex/hyperref/pd1enc.def
File: pd1enc.def 2020/01/14 v7.00d Hyperref: PDFDocEncoding definition (HO)
Now handling font encoding PD1 ...
... no UTF-8 mapping file for font encoding PD1
) (/usr/share/texlive/texmf-dist/tex/generic/intcalc/intcalc.sty
Package: intcalc 2019/12/15 v1.3 Expandable calculations with integers (HO)
) (/usr/share/texlive/texmf-dist/tex/generic/etexcmds/etexcmds.sty
Package: etexcmds 2019/12/15 v1.7 Avoid name clashes with e-TeX commands (HO)
)
\Hy@SavedSpaceFactor=\count283
\pdfmajorversion=\count284
Package hyperref Info: Hyper figures OFF on input line 4547.
Package hyperref Info: Link nesting OFF on input line 4552.
Package hyperref Info: Hyper index ON on input line 4555.
Package hyperref Info: Plain pages OFF on input line 4562.
Package hyperref Info: Backreferencing OFF on input line 4567.
Package hyperref Info: Implicit mode ON; LaTeX internals redefined.
Package hyperref Info: Bookmarks ON on input line 4800.
\c@Hy@tempcnt=\count285
 (/usr/share/texlive/texmf-dist/tex/latex/url/url.sty
\Urlmuskip=\muskip17
Package: url 2013/09/16  ver 3.4  Verb mode for urls, etc.
)
LaTeX Info: Redefining \url on input line 5159.
\XeTeXLinkMargin=\dimen178
 (/usr/share/texlive/texmf-dist/tex/generic/bitset/bitset.sty
Package: bitset 2019/12/09 v1.3 Handle bit-vector datatype (HO)
 (/usr/share/texlive/texmf-dist/tex/generic/bigintcalc/bigintcalc.sty
Package: bigintcalc 2019/12/15 v1.5 Expandable calculations on big integers (HO)
))
\Fld@menulength=\count286
\Field@Width=\dimen179
\Fld@charsize=\dimen180
Package hyperref Info: Hyper figures OFF on input line 6430.
Package hyperref Info: Link nesting OFF on input line 6435.
Package hyperref Info: Hyper index ON on input line 6438.
Package hyperref Info: backreferencing OFF on input line 6445.
Package hyperref Info: Link coloring OFF on input line 6450.
Package hyperref Info: Link coloring with OCG OFF on input line 6455.
Package hyperref Info: PDF/A mode OFF on input line 6460.
LaTeX Info: Redefining \ref on input line 6500.
LaTeX Info: Redefining \pageref on input line 6504.
 (/usr/share/texlive/texmf-dist/tex/generic/atbegshi/atbegshi.sty
Package: atbegshi 2019/12/05 v1.19 At begin shipout hook (HO)
)
\Hy@abspage=\count287
\c@Item=\count288
\c@Hfootnote=\count289
)
Package hyperref Info: Driver (autodetected): hpdftex.
 (/usr/share/texlive/texmf-dist/tex/latex/hyperref/hpdftex.def
File: hpdftex.def 2020/01/14 v7.00d Hyperref driver for pdfTeX
 (/usr/share/texlive/texmf-dist/tex/latex/atveryend/atveryend.sty
Package: atveryend 2019-12-11 v1.11 Hooks at the very end of document (HO)
)
\Fld@listcount=\count290
\c@bookmark@seq@number=\count291
 (/usr/share/texlive/texmf-dist/tex/latex/rerunfilecheck/rerunfilecheck.sty
Package: rerunfilecheck 2019/12/05 v1.9 Rerun checks for auxiliary files (HO)
 (/usr/share/texlive/texmf-dist/tex/generic/uniquecounter/uniquecounter.sty
Package: uniquecounter 2019/12/15 v1.4 Provide unlimited unique counter (HO)
)
Package uniquecounter Info: New unique counter `rerunfilecheck' on input line 286.
)
\Hy@SectionHShift=\skip104
)
\hdrmark=\marks1
 (/usr/share/texlive/texmf-dist/tex/latex/listings/lstlang1.sty
File: lstlang1.sty 2019/09/10 1.8c listings language file
) (/usr/share/texlive/texmf-dist/tex/latex/listings/lstlang1.sty
File: lstlang1.sty 2019/09/10 1.8c listings language file
) (/usr/share/texlive/texmf-dist/tex/latex/listings/lstmisc.sty
File: lstmisc.sty 2019/09/10 1.8c (Carsten Heinz)
)) (/usr/share/texlive/texmf-dist/tex/latex/l3backend/l3backend-pdfmode.def
File: l3backend-pdfmode.def 2020-02-03 L3 backend support: PDF mode
\l__kernel_color_stack_int=\count292
\l__pdf_internal_box=\box99
) (build//hackpack.aux)
\openout1 = `hackpack.aux'.

LaTeX Font Info:    Checking defaults for OML/cmm/m/it on input line 11.
LaTeX Font Info:    ... okay on input line 11.
LaTeX Font Info:    Checking defaults for OMS/cmsy/m/n on input line 11.
LaTeX Font Info:    ... okay on input line 11.
LaTeX Font Info:    Checking defaults for OT1/cmr/m/n on input line 11.
LaTeX Font Info:    ... okay on input line 11.
LaTeX Font Info:    Checking defaults for T1/cmr/m/n on input line 11.
LaTeX Font Info:    ... okay on input line 11.
LaTeX Font Info:    Checking defaults for TS1/cmr/m/n on input line 11.
LaTeX Font Info:    ... okay on input line 11.
LaTeX Font Info:    Checking defaults for OMX/cmex/m/n on input line 11.
LaTeX Font Info:    ... okay on input line 11.
LaTeX Font Info:    Checking defaults for U/cmr/m/n on input line 11.
LaTeX Font Info:    ... okay on input line 11.
LaTeX Font Info:    Checking defaults for PD1/pdf/m/n on input line 11.
LaTeX Font Info:    ... okay on input line 11.
\c@lstlisting=\count293

*geometry* driver: auto-detecting
*geometry* detected driver: pdftex
*geometry* verbose mode - [ preamble ] result:
* driver: pdftex
* paper: a4paper
* layout: <same size as paper>
* layoutoffset:(h,v)=(0.0pt,0.0pt)
* modes: landscape 
* h-part:(L,W,R)=(14.22636pt, 816.59412pt, 14.22636pt)
* v-part:(T,H,B)=(28.45274pt, 557.67421pt, 11.38092pt)
* \paperwidth=845.04684pt
* \paperheight=597.50787pt
* \textwidth=816.59412pt
* \textheight=557.67421pt
* \oddsidemargin=-58.04362pt
* \evensidemargin=-58.04362pt
* \topmargin=-80.81725pt
* \headheight=25.0pt
* \headsep=5.0pt
* \topskip=9.0pt
* \footskip=30.0pt
* \marginparwidth=65.0pt
* \marginparsep=10.0pt
* \columnsep=10.0pt
* \skip\footins=8.0pt plus 4.0pt minus 2.0pt
* \hoffset=0.0pt
* \voffset=0.0pt
* \mag=1000
* \@twocolumnfalse
* \@twosidefalse
* \@mparswitchfalse
* \@reversemarginfalse
* (1in=72.27pt=25.4mm, 1cm=28.453pt)

(/usr/share/texlive/texmf-dist/tex/context/base/mkii/supp-pdf.mkii
[Loading MPS to PDF converter (version 2006.09.02).]
\scratchcounter=\count294
\scratchdimen=\dimen181
\scratchbox=\box100
\nofMPsegments=\count295
\nofMParguments=\count296
\everyMPshowfont=\toks27
\MPscratchCnt=\count297
\MPscratchDim=\dimen182
\MPnumerator=\count298
\makeMPintoPDFobject=\count299
\everyMPtoPDFconversion=\toks28
) (/usr/share/texlive/texmf-dist/tex/latex/epstopdf-pkg/epstopdf-base.sty
Package: epstopdf-base 2020-01-24 v2.11 Base part for package epstopdf
Package epstopdf-base Info: Redefining graphics rule for `.eps' on input line 485.
 (/usr/share/texlive/texmf-dist/tex/latex/latexconfig/epstopdf-sys.cfg
File: epstopdf-sys.cfg 2010/07/13 v1.3 Configuration of (r)epstopdf for TeX Live
))
\AtBeginShipoutBox=\box101
Package hyperref Info: Link coloring OFF on input line 11.
 (/usr/share/texlive/texmf-dist/tex/latex/hyperref/nameref.sty
Package: nameref 2019/09/16 v2.46 Cross-referencing by name of section
 (/usr/share/texlive/texmf-dist/tex/latex/refcount/refcount.sty
Package: refcount 2019/12/15 v3.6 Data extraction from label references (HO)
) (/usr/share/texlive/texmf-dist/tex/generic/gettitlestring/gettitlestring.sty
Package: gettitlestring 2019/12/15 v1.6 Cleanup title references (HO)
)
\c@section@level=\count300
)
LaTeX Info: Redefining \ref on input line 11.
LaTeX Info: Redefining \pageref on input line 11.
LaTeX Info: Redefining \nameref on input line 11.
 (build//hackpack.out) (build//hackpack.out)
\@outlinefile=\write3
\openout3 = `hackpack.out'.

runsystem(rm -f build/header.tmp)...executed.

<ucf.pdf, id=32, 167.292pt x 187.73839pt>
File: ucf.pdf Graphic file (type pdf)
<use ucf.pdf>
Package pdftex.def Info: ucf.pdf  used on input line 12.
(pdftex.def)             Requested size: 85.35826pt x 95.79114pt.
 [1

{/var/lib/texmf/fonts/map/pdftex/updmap/pdftex.map} <content/tex/ucf.pdf>] (build//hackpack.toc
LaTeX Font Info:    Trying to load font information for U+msa on input line 1.
 (/usr/share/texlive/texmf-dist/tex/latex/amsfonts/umsa.fd
File: umsa.fd 2013/01/14 v3.01 AMS symbols A
)
LaTeX Font Info:    Trying to load font information for U+msb on input line 1.
 (/usr/share/texlive/texmf-dist/tex/latex/amsfonts/umsb.fd
File: umsb.fd 2013/01/14 v3.01 AMS symbols B
))
\tf@toc=\write4
\openout4 = `hackpack.toc'.

 (./content/contest/chapter.tex
Chapter 1.
\c@ttl@toc@chapters=\count301
runsystem(rm -f build/kactl.tmp)...executed.

runsystem(python3 content/tex/preprocessor.py -i "content/contest/template.cpp" -o build/kactl.tmp -l rawcpp)...executed.

(./build/kactl.tmp
LaTeX Font Info:    Trying to load font information for OT1+pcr on input line 3.
 (/usr/share/texlive/texmf-dist/tex/latex/psnfss/ot1pcr.fd
File: ot1pcr.fd 2001/06/04 font definitions for OT1/pcr.
)))pdfTeX warning (ext4): destination with the same identifier (name{page.1}) has been already used, duplicate ignored
<to be read again> 
                   \relax 
l.21 	\newpage
               [1

] (./content/data-structures/chapter.tex
Chapter 2.
runsystem(rm -f build/kactl.tmp)...executed.

runsystem(python3 content/tex/preprocessor.py -i "content/data-structures/OrderStatisticTree.h" -o build/kactl.tmp )...executed.

(./build/kactl.tmp
LaTeX Font Info:    Trying to load font information for OML+cmr on input line 20.
 (/usr/share/texlive/texmf-dist/tex/latex/base/omlcmr.fd
File: omlcmr.fd 2019/12/16 v2.5j Standard LaTeX font definitions
)
LaTeX Font Info:    Font shape `OML/cmr/m/it' in size <7> not available
(Font)              Font shape `OML/cmm/m/it' tried instead on input line 20.
)
runsystem(rm -f build/kactl.tmp)...executed.

runsystem(python3 content/tex/preprocessor.py -i "content/data-structures/HashMap.h" -o build/kactl.tmp )...executed.

 (./build/kactl.tmp)
runsystem(rm -f build/kactl.tmp)...executed.

runsystem(python3 content/tex/preprocessor.py -i "content/data-structures/SegmentTree.h" -o build/kactl.tmp )...executed.

 (./build/kactl.tmp)
runsystem(rm -f build/kactl.tmp)...executed.

runsystem(python3 content/tex/preprocessor.py -i "content/data-structures/LazySegmentTree.h" -o build/kactl.tmp )...executed.

 (./build/kactl.tmp)
runsystem(rm -f build/kactl.tmp)...executed.

runsystem(python3 content/tex/preprocessor.py -i "content/data-structures/UnionFind.h" -o build/kactl.tmp )...executed.

 (./build/kactl.tmp)
runsystem(rm -f build/kactl.tmp)...executed.

runsystem(python3 content/tex/preprocessor.py -i "content/data-structures/UnionFindRollback.h" -o build/kactl.tmp )...executed.

 (./build/kactl.tmp)
runsystem(rm -f build/kactl.tmp)...executed.

runsystem(python3 content/tex/preprocessor.py -i "content/data-structures/SubMatrix.h" -o build/kactl.tmp )...executed.

 (./build/kactl.tmp)
runsystem(rm -f build/kactl.tmp)...executed.

runsystem(python3 content/tex/preprocessor.py -i "content/data-structures/Matrix.h" -o build/kactl.tmp )...executed.

 (./build/kactl.tmp
LaTeX Font Info:    Trying to load font information for OMS+pcr on input line 5.
 (/usr/share/texlive/texmf-dist/tex/latex/psnfss/omspcr.fd
File: omspcr.fd 
)
LaTeX Font Info:    Font shape `OMS/pcr/m/n' in size <7> not available
(Font)              Font shape `OMS/cmsy/m/n' tried instead on input line 5.
LaTeX Font Info:    Trying to load font information for T1+pcr on input line 20.
 (/usr/share/texlive/texmf-dist/tex/latex/psnfss/t1pcr.fd
File: t1pcr.fd 2001/06/04 font definitions for T1/pcr.
)
runsystem(python3 content/tex/preprocessor.py --print-header "Matrix.h|Matrix.h" -o build/header2.tmp)...executed.

 (./build/header2.tmp) [2])
runsystem(rm -f build/kactl.tmp)...executed.

runsystem(python3 content/tex/preprocessor.py -i "content/data-structures/LineContainer.h" -o build/kactl.tmp )...executed.

 (./build/kactl.tmp)
runsystem(rm -f build/kactl.tmp)...executed.

runsystem(python3 content/tex/preprocessor.py -i "content/data-structures/Treap.h" -o build/kactl.tmp )...executed.

 (./build/kactl.tmp)
runsystem(rm -f build/kactl.tmp)...executed.

runsystem(python3 content/tex/preprocessor.py -i "content/data-structures/FenwickTree.h" -o build/kactl.tmp )...executed.

 (./build/kactl.tmp)
runsystem(rm -f build/kactl.tmp)...executed.

runsystem(python3 content/tex/preprocessor.py -i "content/data-structures/FenwickTree2d.h" -o build/kactl.tmp )...executed.

 (./build/kactl.tmp)
runsystem(rm -f build/kactl.tmp)...executed.

runsystem(python3 content/tex/preprocessor.py -i "content/data-structures/RMQ.h" -o build/kactl.tmp )...executed.

 (./build/kactl.tmp)
runsystem(rm -f build/kactl.tmp)...executed.

runsystem(python3 content/tex/preprocessor.py -i "content/data-structures/MoQueries.h" -o build/kactl.tmp )...executed.

 (./build/kactl.tmp
runsystem(python3 content/tex/preprocessor.py --print-header "MoQueries.h|MoQueries.h" -o build/header2.tmp)...executed.

 (./build/header2.tmp) [3]))
runsystem(python3 content/tex/preprocessor.py --print-header "|MoQueries.h" -o build/header2.tmp)...executed.

 (./build/header2.tmp) [4] (./content/geometry/chapter.tex
Chapter 3.
runsystem(rm -f build/kactl.tmp)...executed.

runsystem(python3 content/tex/preprocessor.py -i "content/geometry/point.hpp" -o build/kactl.tmp )...executed.

(./build/kactl.tmp
Underfull \hbox (badness 10000) in paragraph at lines 5--5
\OT1/cmr/bx/n/7 Usage: \OT1/pcr/m/n/7 Best used with floating point precision. Uses long
 []

)
runsystem(rm -f build/kactl.tmp)...executed.

runsystem(python3 content/tex/preprocessor.py -i "content/geometry/sideOf.hpp" -o build/kactl.tmp )...executed.

 (./build/kactl.tmp)
runsystem(rm -f build/kactl.tmp)...executed.

runsystem(python3 content/tex/preprocessor.py -i "content/geometry/onSeg.hpp" -o build/kactl.tmp )...executed.

 (./build/kactl.tmp)
runsystem(rm -f build/kactl.tmp)...executed.

runsystem(python3 content/tex/preprocessor.py -i "content/geometry/lineIntersection.hpp" -o build/kactl.tmp )...executed.

 (./build/kactl.tmp)
runsystem(rm -f build/kactl.tmp)...executed.

runsystem(python3 content/tex/preprocessor.py -i "content/geometry/doSegIntersection.hpp" -o build/kactl.tmp )...executed.

 (./build/kactl.tmp)
runsystem(rm -f build/kactl.tmp)...executed.

runsystem(python3 content/tex/preprocessor.py -i "content/geometry/segIntersection.hpp" -o build/kactl.tmp )...executed.

 (./build/kactl.tmp
Underfull \hbox (badness 10000) in paragraph at lines 5--5
\OT1/pcr/m/n/7 intersection. If 1 point, the segments intersect at a distinct
 []


Underfull \hbox (badness 10000) in paragraph at lines 5--5
\OT1/pcr/m/n/7 point. If 2 points, the segments intersect at a segment of
 []

)
runsystem(rm -f build/kactl.tmp)...executed.

runsystem(python3 content/tex/preprocessor.py -i "content/geometry/lineDistance.hpp" -o build/kactl.tmp )...executed.

 (./build/kactl.tmp)
runsystem(rm -f build/kactl.tmp)...executed.

runsystem(python3 content/tex/preprocessor.py -i "content/geometry/segDistance.hpp" -o build/kactl.tmp )...executed.

 (./build/kactl.tmp)
runsystem(rm -f build/kactl.tmp)...executed.

runsystem(python3 content/tex/preprocessor.py -i "content/geometry/polygonArea.hpp" -o build/kactl.tmp )...executed.

 (./build/kactl.tmp
Underfull \hbox (badness 10000) in paragraph at lines 7--7
\OT1/cmr/bx/n/7 Usage: \OT1/pcr/m/n/7 If area is negative, points are given cw, otherwise
 []

)
runsystem(rm -f build/kactl.tmp)...executed.

runsystem(python3 content/tex/preprocessor.py -i "content/geometry/inPolygon.hpp" -o build/kactl.tmp )...executed.

 (./build/kactl.tmp)
runsystem(rm -f build/kactl.tmp)...executed.

runsystem(python3 content/tex/preprocessor.py -i "content/geometry/convexHull.hpp" -o build/kactl.tmp )...executed.

 (./build/kactl.tmp)
runsystem(rm -f build/kactl.tmp)...executed.

runsystem(python3 content/tex/preprocessor.py -i "content/geometry/hullDiameter.hpp" -o build/kactl.tmp )...executed.

 (./build/kactl.tmp)
runsystem(rm -f build/kactl.tmp)...executed.

runsystem(python3 content/tex/preprocessor.py -i "content/geometry/inHull.hpp" -o build/kactl.tmp )...executed.

 (./build/kactl.tmp)
runsystem(rm -f build/kactl.tmp)...executed.

runsystem(python3 content/tex/preprocessor.py -i "content/geometry/polygonClipping.hpp" -o build/kactl.tmp )...executed.

 (./build/kactl.tmp
runsystem(python3 content/tex/preprocessor.py --print-header "inHull.hpp|polygonClipping.hpp" -o build/header2.tmp)...executed.

 (./build/header2.tmp) [5])
runsystem(rm -f build/kactl.tmp)...executed.

runsystem(python3 content/tex/preprocessor.py -i "content/geometry/halfplaneIntersection.hpp" -o build/kactl.tmp )...executed.

 (./build/kactl.tmp)
runsystem(rm -f build/kactl.tmp)...executed.

runsystem(python3 content/tex/preprocessor.py -i "content/geometry/centerOfMass.hpp" -o build/kactl.tmp )...executed.

 (./build/kactl.tmp)
runsystem(rm -f build/kactl.tmp)...executed.

runsystem(python3 content/tex/preprocessor.py -i "content/geometry/minkowskiSum.hpp" -o build/kactl.tmp )...executed.

 (./build/kactl.tmp)
runsystem(rm -f build/kactl.tmp)...executed.

runsystem(python3 content/tex/preprocessor.py -i "content/geometry/CircleLine.hpp" -o build/kactl.tmp )...executed.

 (./build/kactl.tmp)
runsystem(rm -f build/kactl.tmp)...executed.

runsystem(python3 content/tex/preprocessor.py -i "content/geometry/CircleIntersection.hpp" -o build/kactl.tmp )...executed.

 (./build/kactl.tmp)
runsystem(rm -f build/kactl.tmp)...executed.

runsystem(python3 content/tex/preprocessor.py -i "content/geometry/CirclePolygonIntersection.hpp" -o build/kactl.tmp )...executed.

 (./build/kactl.tmp)
runsystem(rm -f build/kactl.tmp)...executed.

runsystem(python3 content/tex/preprocessor.py -i "content/geometry/CircleTangents.hpp" -o build/kactl.tmp )...executed.

 (./build/kactl.tmp
runsystem(python3 content/tex/preprocessor.py --print-header "CircleTangents.hpp|CircleTangents.hpp" -o build/header2.tmp)...executed.

 (./build/header2.tmp) [6])
runsystem(rm -f build/kactl.tmp)...executed.

runsystem(python3 content/tex/preprocessor.py -i "content/geometry/MinimumEnclosingCircle.hpp" -o build/kactl.tmp )...executed.

 (./build/kactl.tmp)
runsystem(rm -f build/kactl.tmp)...executed.

runsystem(python3 content/tex/preprocessor.py -i "content/geometry/Point3D.hpp" -o build/kactl.tmp )...executed.

 (./build/kactl.tmp)
runsystem(rm -f build/kactl.tmp)...executed.

runsystem(python3 content/tex/preprocessor.py -i "content/geometry/PolyhedronVolume.hpp" -o build/kactl.tmp )...executed.

 (./build/kactl.tmp)
runsystem(rm -f build/kactl.tmp)...executed.

runsystem(python3 content/tex/preprocessor.py -i "content/geometry/ClosestPair.hpp" -o build/kactl.tmp )...executed.

 (./build/kactl.tmp)
runsystem(rm -f build/kactl.tmp)...executed.

runsystem(python3 content/tex/preprocessor.py -i "content/geometry/FastDelaunay.hpp" -o build/kactl.tmp )...executed.

 (./build/kactl.tmp
LaTeX Font Info:    Trying to load font information for OMS+cmr on input line 6.
 (/usr/share/texlive/texmf-dist/tex/latex/base/omscmr.fd
File: omscmr.fd 2019/12/16 v2.5j Standard LaTeX font definitions
)
LaTeX Font Info:    Font shape `OMS/cmr/m/n' in size <7> not available
(Font)              Font shape `OMS/cmsy/m/n' tried instead on input line 6.
))
runsystem(python3 content/tex/preprocessor.py --print-header "|FastDelaunay.hpp" -o build/header2.tmp)...executed.

 (./build/header2.tmp) [7]
runsystem(python3 content/tex/preprocessor.py --print-header "|FastDelaunay.hpp" -o build/header2.tmp)...executed.

 (./build/header2.tmp) [8] (./content/graphs/chapter.tex
Chapter 4.
runsystem(rm -f build/kactl.tmp)...executed.

runsystem(python3 content/tex/preprocessor.py -i "content/graphs/BellmanFord.h" -o build/kactl.tmp )...executed.

(./build/kactl.tmp)
runsystem(rm -f build/kactl.tmp)...executed.

runsystem(python3 content/tex/preprocessor.py -i "content/graphs/FloydWarshall.h" -o build/kactl.tmp )...executed.

 (./build/kactl.tmp)
runsystem(rm -f build/kactl.tmp)...executed.

runsystem(python3 content/tex/preprocessor.py -i "content/graphs/TopoSort.h" -o build/kactl.tmp )...executed.

 (./build/kactl.tmp)
runsystem(rm -f build/kactl.tmp)...executed.

runsystem(python3 content/tex/preprocessor.py -i "content/graphs/PushRelabel.h" -o build/kactl.tmp )...executed.

 (./build/kactl.tmp)
runsystem(rm -f build/kactl.tmp)...executed.

runsystem(python3 content/tex/preprocessor.py -i "content/graphs/MinCostMaxFlow.h" -o build/kactl.tmp )...executed.

 (./build/kactl.tmp
runsystem(python3 content/tex/preprocessor.py --print-header "|MinCostMaxFlow.h" -o build/header2.tmp)...executed.

 (./build/header2.tmp) [9])
runsystem(rm -f build/kactl.tmp)...executed.

runsystem(python3 content/tex/preprocessor.py -i "content/graphs/EdmondsKarp.h" -o build/kactl.tmp )...executed.

 (./build/kactl.tmp)
runsystem(rm -f build/kactl.tmp)...executed.

runsystem(python3 content/tex/preprocessor.py -i "content/graphs/Dinic.h" -o build/kactl.tmp )...executed.

 (./build/kactl.tmp)
runsystem(rm -f build/kactl.tmp)...executed.

runsystem(python3 content/tex/preprocessor.py -i "content/graphs/MinCut.h" -o build/kactl.tmp )...executed.

 (./build/kactl.tmp)
runsystem(rm -f build/kactl.tmp)...executed.

runsystem(python3 content/tex/preprocessor.py -i "content/graphs/GlobalMinCut.h" -o build/kactl.tmp )...executed.

 (./build/kactl.tmp
LaTeX Font Info:    Font shape `T1/pcr/m/it' in size <7> not available
(Font)              Font shape `T1/pcr/m/sl' tried instead on input line 14.
)
runsystem(rm -f build/kactl.tmp)...executed.

runsystem(python3 content/tex/preprocessor.py -i "content/graphs/GomoryHu.h" -o build/kactl.tmp )...executed.

 (./build/kactl.tmp)
runsystem(rm -f build/kactl.tmp)...executed.

runsystem(python3 content/tex/preprocessor.py -i "content/graphs/hopcroftKarp.h" -o build/kactl.tmp )...executed.

 (./build/kactl.tmp
runsystem(python3 content/tex/preprocessor.py --print-header "hopcroftKarp.h|hopcroftKarp.h" -o build/header2.tmp)...executed.

 (./build/header2.tmp) [10])
runsystem(rm -f build/kactl.tmp)...executed.

runsystem(python3 content/tex/preprocessor.py -i "content/graphs/DFSMatching.h" -o build/kactl.tmp )...executed.

 (./build/kactl.tmp)
runsystem(rm -f build/kactl.tmp)...executed.

runsystem(python3 content/tex/preprocessor.py -i "content/graphs/MinimumVertexCover.h" -o build/kactl.tmp )...executed.

 (./build/kactl.tmp)
runsystem(rm -f build/kactl.tmp)...executed.

runsystem(python3 content/tex/preprocessor.py -i "content/graphs/WeightedMatching.h" -o build/kactl.tmp )...executed.

 (./build/kactl.tmp)
runsystem(rm -f build/kactl.tmp)...executed.

runsystem(python3 content/tex/preprocessor.py -i "content/graphs/GeneralMatching.h" -o build/kactl.tmp )...executed.

 (./build/kactl.tmp)
runsystem(rm -f build/kactl.tmp)...executed.

runsystem(python3 content/tex/preprocessor.py -i "content/graphs/SCC.h" -o build/kactl.tmp )...executed.

 (./build/kactl.tmp)
runsystem(rm -f build/kactl.tmp)...executed.

runsystem(python3 content/tex/preprocessor.py -i "content/graphs/BiconnectedComponents.h" -o build/kactl.tmp )...executed.

 (./build/kactl.tmp
runsystem(python3 content/tex/preprocessor.py --print-header "BiconnectedComponents.h|BiconnectedComponents.h" -o build/header2.tmp)...executed.

 (./build/header2.tmp) [11])
runsystem(rm -f build/kactl.tmp)...executed.

runsystem(python3 content/tex/preprocessor.py -i "content/graphs/2sat.h" -o build/kactl.tmp )...executed.

 (./build/kactl.tmp)
runsystem(rm -f build/kactl.tmp)...executed.

runsystem(python3 content/tex/preprocessor.py -i "content/graphs/EulerWalk.h" -o build/kactl.tmp )...executed.

 (./build/kactl.tmp)
runsystem(rm -f build/kactl.tmp)...executed.

runsystem(python3 content/tex/preprocessor.py -i "content/graphs/EdgeColoring.h" -o build/kactl.tmp )...executed.

 (./build/kactl.tmp)
runsystem(rm -f build/kactl.tmp)...executed.

runsystem(python3 content/tex/preprocessor.py -i "content/graphs/MaximalCliques.h" -o build/kactl.tmp )...executed.

 (./build/kactl.tmp)
runsystem(rm -f build/kactl.tmp)...executed.

runsystem(python3 content/tex/preprocessor.py -i "content/graphs/MaximumClique.h" -o build/kactl.tmp )...executed.

 (./build/kactl.tmp
runsystem(python3 content/tex/preprocessor.py --print-header "MaximumClique.h|MaximumClique.h" -o build/header2.tmp)...executed.

 (./build/header2.tmp) [12])
runsystem(rm -f build/kactl.tmp)...executed.

runsystem(python3 content/tex/preprocessor.py -i "content/graphs/MaximumIndependentSet.h" -o build/kactl.tmp )...executed.

 (./build/kactl.tmp)
runsystem(rm -f build/kactl.tmp)...executed.

runsystem(python3 content/tex/preprocessor.py -i "content/graphs/BinaryLifting.h" -o build/kactl.tmp )...executed.

 (./build/kactl.tmp)
runsystem(rm -f build/kactl.tmp)...executed.

runsystem(python3 content/tex/preprocessor.py -i "content/graphs/LCA.h" -o build/kactl.tmp )...executed.

 (./build/kactl.tmp
LaTeX Font Info:    Font shape `OMS/cmr/m/it' in size <7> not available
(Font)              Font shape `OMS/cmsy/m/n' tried instead on input line 26.
)
runsystem(rm -f build/kactl.tmp)...executed.

runsystem(python3 content/tex/preprocessor.py -i "content/graphs/CompressTree.h" -o build/kactl.tmp )...executed.

 (./build/kactl.tmp)
runsystem(rm -f build/kactl.tmp)...executed.

runsystem(python3 content/tex/preprocessor.py -i "content/graphs/HLD.h" -o build/kactl.tmp )...executed.

 (./build/kactl.tmp)
runsystem(rm -f build/kactl.tmp)...executed.

runsystem(python3 content/tex/preprocessor.py -i "content/graphs/LinkCutTree.h" -o build/kactl.tmp )...executed.

 (./build/kactl.tmp
runsystem(python3 content/tex/preprocessor.py --print-header "LinkCutTree.h|LinkCutTree.h" -o build/header2.tmp)...executed.

 (./build/header2.tmp) [13])
runsystem(rm -f build/kactl.tmp)...executed.

runsystem(python3 content/tex/preprocessor.py -i "content/graphs/DirectedMST.h" -o build/kactl.tmp )...executed.

 (./build/kactl.tmp))
runsystem(python3 content/tex/preprocessor.py --print-header "|DirectedMST.h" -o build/header2.tmp)...executed.

 (./build/header2.tmp) [14] (./content/math/chapter.tex
Chapter 5.
runsystem(rm -f build/kactl.tmp)...executed.

runsystem(python3 content/tex/preprocessor.py -i "content/math/ModularArithmetic.h" -o build/kactl.tmp )...executed.

(./build/kactl.tmp)
runsystem(rm -f build/kactl.tmp)...executed.

runsystem(python3 content/tex/preprocessor.py -i "content/math/ModInverse.h" -o build/kactl.tmp )...executed.

 (./build/kactl.tmp)
runsystem(rm -f build/kactl.tmp)...executed.

runsystem(python3 content/tex/preprocessor.py -i "content/math/ModPow.h" -o build/kactl.tmp )...executed.

 (./build/kactl.tmp)
runsystem(rm -f build/kactl.tmp)...executed.

runsystem(python3 content/tex/preprocessor.py -i "content/math/ModLog.h" -o build/kactl.tmp )...executed.

 (./build/kactl.tmp)
runsystem(rm -f build/kactl.tmp)...executed.

runsystem(python3 content/tex/preprocessor.py -i "content/math/ModSum.h" -o build/kactl.tmp )...executed.

 (./build/kactl.tmp)
runsystem(rm -f build/kactl.tmp)...executed.

runsystem(python3 content/tex/preprocessor.py -i "content/math/ModMulLL.h" -o build/kactl.tmp )...executed.

 (./build/kactl.tmp)
runsystem(rm -f build/kactl.tmp)...executed.

runsystem(python3 content/tex/preprocessor.py -i "content/math/ModSqrt.h" -o build/kactl.tmp )...executed.

 (./build/kactl.tmp)
runsystem(rm -f build/kactl.tmp)...executed.

runsystem(python3 content/tex/preprocessor.py -i "content/math/FastEratosthenes.h" -o build/kactl.tmp )...executed.

 (./build/kactl.tmp)
runsystem(rm -f build/kactl.tmp)...executed.

runsystem(python3 content/tex/preprocessor.py -i "content/math/MillerRabin.h" -o build/kactl.tmp )...executed